                            ASSEMBLERLISTING

                      FILE: aus.txt
===============================================================================
 
VL        000100011
V UPAUS  Y000000000                   ENT     UPAUS     
                                                        
-------------------------------------------------------------------------------
PR B011010000010101   000   UPAUS     STA     ZAHL      
PR B011000000011001   001             LDA     TABMERK   
PR B011010000011000   002             STA     TAB       
PR B011000000010101   003             LDA     ZAHL      
                                                        
PR B010100000010111   004   ZYKL1     CMP     ZEHN      
PR B001000000001101   005             JLT     AUS1      
PR B011000000011000   006             LDA     TAB       
PR B100000000010110   007             ADD     EINS      
PR B011010000011000   008             STA     TAB       
PR B011000000010101   009             LDA     ZAHL      
PR B100010000010111   010             SUB     ZEHN      
PR B011010000010101   011             STA     ZAHL      
PR B001110000000100   012             JMP     ZYKL1     
                                                        
PR B011001000011000   013   AUS1      LDA,I   TAB       
PA B011110000000000   014             WRA               
PR B011000000011001   015             LDA     TABMERK   
PR B100000000010101   016             ADD     ZAHL      
PR B011010000011000   017             STA     TAB       
PR B011001000011000   018             LDA,I   TAB       
PA B011110000000000   019             WRA               
PA B010010000000000   020             RET               
                                                        
PA D000000000000000   021   ZAHL      RST     1         
PA D000000000000001   022   EINS      DEC     1         
PA D000000000001010   023   ZEHN      DEC     10        
PA D000000000000000   024   TAB       RST     1         
PR D000000000011010   025   TABMERK   DEF     TABANF    
PA D000000000110000   026   TABANF    HEX     30        
PA D000000000110001   027             HEX     31        
PA D000000000110010   028             HEX     32        
PA D000000000110011   029             HEX     33        
PA D000000000110100   030             HEX     34        
PA D000000000110101   031             HEX     35        
PA D000000000110110   032             HEX     36        
PA D000000000110111   033             HEX     37        
PA D000000000111000   034             HEX     38        
PA D000000000111001   035             HEX     39        
                                                        
===============================================================================
